app/build/outputs/logs/manifest-merger-release-report.txt
-- Merging decision tree log ---
manifest
ADDED from src\main\AndroidManifest.xml:2:1-63:12
	package
		ADDED from src\main\AndroidManifest.xml:3:5-30
		INJECTED from src\main\AndroidManifest.xml
		INJECTED from src\main\AndroidManifest.xml
	android:versionName
		ADDED from src\main\AndroidManifest.xml:5:5-35
		INJECTED from src\main\AndroidManifest.xml
		INJECTED from src\main\AndroidManifest.xml
	android:versionCode
		ADDED from src\main\AndroidManifest.xml:4:5-29
		INJECTED from src\main\AndroidManifest.xml
		INJECTED from src\main\AndroidManifest.xml
	xmlns:android
		ADDED from src\main\AndroidManifest.xml:2:11-69
uses-sdk
ADDED from src\main\AndroidManifest.xml:7:5-9:41
MERGED from [com.android.support:support-v4:23.3.0] AndroidManifest.xml:20:5-43
MERGED from [com.android.support:appcompat-v7:23.3.0] AndroidManifest.xml:21:5-23:78
MERGED from [com.android.support:support-vector-drawable:23.3.0] AndroidManifest.xml:5:5-43
MERGED from [com.android.support:support-v4:23.3.0] AndroidManifest.xml:20:5-43
MERGED from [com.android.support:animated-vector-drawable:23.3.0] AndroidManifest.xml:5:5-44
MERGED from [com.android.support:support-vector-drawable:23.3.0] AndroidManifest.xml:5:5-43
MERGED from [com.android.support:support-v4:23.3.0] AndroidManifest.xml:20:5-43
MERGED from [com.android.support:support-v4:23.3.0] AndroidManifest.xml:20:5-43
MERGED from [com.android.support:design:23.3.0] AndroidManifest.xml:20:5-43
MERGED from [com.android.support:appcompat-v7:23.3.0] AndroidManifest.xml:21:5-23:78
MERGED from [com.android.support:support-vector-drawable:23.3.0] AndroidManifest.xml:5:5-43
MERGED from [com.android.support:support-v4:23.3.0] AndroidManifest.xml:20:5-43
MERGED from [com.android.support:animated-vector-drawable:23.3.0] AndroidManifest.xml:5:5-44
MERGED from [com.android.support:support-vector-drawable:23.3.0] AndroidManifest.xml:5:5-43
MERGED from [com.android.support:support-v4:23.3.0] AndroidManifest.xml:20:5-43
MERGED from [com.android.support:support-v4:23.3.0] AndroidManifest.xml:20:5-43
MERGED from [com.android.support:support-v4:23.3.0] AndroidManifest.xml:20:5-43
MERGED from [com.android.support:recyclerview-v7:23.3.0] AndroidManifest.xml:20:5-43
MERGED from [com.android.support:support-v4:23.3.0] AndroidManifest.xml:20:5-43
	tools:overrideLibrary
		ADDED from [com.android.support:appcompat-v7:23.3.0] AndroidManifest.xml:23:9-75
	android:targetSdkVersion
		ADDED from src\main\AndroidManifest.xml:9:9-38
		INJECTED from src\main\AndroidManifest.xml
		INJECTED from src\main\AndroidManifest.xml
	android:minSdkVersion
		ADDED from src\main\AndroidManifest.xml:8:9-35
		INJECTED from src\main\AndroidManifest.xml
		INJECTED from src\main\AndroidManifest.xml
uses-permission#android.permission.FLASHLIGHT
ADDED from src\main\AndroidManifest.xml:11:5-69
	android:name
		ADDED from src\main\AndroidManifest.xml:11:22-66
uses-permission#android.permission.CAMERA
ADDED from src\main\AndroidManifest.xml:12:5-65
	android:name
		ADDED from src\main\AndroidManifest.xml:12:22-62
application
ADDED from src\main\AndroidManifest.xml:14:5-61:19
MERGED from [com.android.support:support-v4:23.3.0] AndroidManifest.xml:22:5-20
MERGED from [com.android.support:appcompat-v7:23.3.0] AndroidManifest.xml:25:5-20
MERGED from [com.android.support:support-vector-drawable:23.3.0] AndroidManifest.xml:7:5-20
MERGED from [com.android.support:support-v4:23.3.0] AndroidManifest.xml:22:5-20
MERGED from [com.android.support:animated-vector-drawable:23.3.0] AndroidManifest.xml:7:5-20
MERGED from [com.android.support:support-vector-drawable:23.3.0] AndroidManifest.xml:7:5-20
MERGED from [com.android.support:support-v4:23.3.0] AndroidManifest.xml:22:5-20
MERGED from [com.android.support:support-v4:23.3.0] AndroidManifest.xml:22:5-20
MERGED from [com.android.support:design:23.3.0] AndroidManifest.xml:22:5-20
MERGED from [com.android.support:appcompat-v7:23.3.0] AndroidManifest.xml:25:5-20
MERGED from [com.android.support:support-vector-drawable:23.3.0] AndroidManifest.xml:7:5-20
MERGED from [com.android.support:support-v4:23.3.0] AndroidManifest.xml:22:5-20
MERGED from [com.android.support:animated-vector-drawable:23.3.0] AndroidManifest.xml:7:5-20
MERGED from [com.android.support:support-vector-drawable:23.3.0] AndroidManifest.xml:7:5-20
MERGED from [com.android.support:support-v4:23.3.0] AndroidManifest.xml:22:5-20
MERGED from [com.android.support:support-v4:23.3.0] AndroidManifest.xml:22:5-20
MERGED from [com.android.support:support-v4:23.3.0] AndroidManifest.xml:22:5-20
MERGED from [com.android.support:support-v4:23.3.0] AndroidManifest.xml:22:5-20
	android:label
		ADDED from src\main\AndroidManifest.xml:17:9-41
	android:allowBackup
		ADDED from src\main\AndroidManifest.xml:15:9-35
	android:icon
		ADDED from src\main\AndroidManifest.xml:16:9-39
	android:theme
		ADDED from src\main\AndroidManifest.xml:18:9-52
activity#com.globalscout.MainActivity
ADDED from src\main\AndroidManifest.xml:19:9-27:20
	android:label
		ADDED from src\main\AndroidManifest.xml:21:13-45
	android:name
		ADDED from src\main\AndroidManifest.xml:20:13-41
intent-filter#android.intent.action.MAIN+android.intent.category.LAUNCHER
ADDED from src\main\AndroidManifest.xml:22:13-26:29
action#android.intent.action.MAIN
ADDED from src\main\AndroidManifest.xml:23:17-69
	android:name
		ADDED from src\main\AndroidManifest.xml:23:25-66
category#android.intent.category.LAUNCHER
ADDED from src\main\AndroidManifest.xml:25:17-77
	android:name
		ADDED from src\main\AndroidManifest.xml:25:27-74
activity#com.globalscout.PreferenciasActivity
ADDED from src\main\AndroidManifest.xml:28:9-30:67
	android:label
		ADDED from src\main\AndroidManifest.xml:30:13-64
	android:name
		ADDED from src\main\AndroidManifest.xml:29:13-49
activity#com.globalscout.TecladoEspecialActivity
ADDED from src\main\AndroidManifest.xml:31:9-33:67
	android:label
		ADDED from src\main\AndroidManifest.xml:33:13-64
	android:name
		ADDED from src\main\AndroidManifest.xml:32:13-52
activity#com.globalscout.ClavesDobles
ADDED from src\main\AndroidManifest.xml:34:9-36:68
	android:label
		ADDED from src\main\AndroidManifest.xml:36:13-65
	android:name
		ADDED from src\main\AndroidManifest.xml:35:13-41
activity#com.globalscout.ClavesTriples
ADDED from src\main\AndroidManifest.xml:37:9-39:69
	android:label
		ADDED from src\main\AndroidManifest.xml:39:13-66
	android:name
		ADDED from src\main\AndroidManifest.xml:38:13-42
activity#com.globalscout.LinternaMorseActivity
ADDED from src\main\AndroidManifest.xml:40:9-42:69
	android:label
		ADDED from src\main\AndroidManifest.xml:42:13-66
	android:name
		ADDED from src\main\AndroidManifest.xml:41:13-50
activity#com.globalscout.GuiaDeClavesActivity
ADDED from src\main\AndroidManifest.xml:43:9-45:69
	android:label
		ADDED from src\main\AndroidManifest.xml:45:13-66
	android:name
		ADDED from src\main\AndroidManifest.xml:44:13-49
activity#com.globalscout.codificacionSemaforaActivity
ADDED from src\main\AndroidManifest.xml:46:9-48:76
	android:label
		ADDED from src\main\AndroidManifest.xml:48:13-73
	android:name
		ADDED from src\main\AndroidManifest.xml:47:13-57
activity#com.globalscout.JuegoActivity
ADDED from src\main\AndroidManifest.xml:49:9-51
	android:name
		ADDED from src\main\AndroidManifest.xml:49:19-48
activity#com.globalscout.ClaveCasera
ADDED from src\main\AndroidManifest.xml:50:9-52:67
	android:label
		ADDED from src\main\AndroidManifest.xml:52:13-64
	android:name
		ADDED from src\main\AndroidManifest.xml:51:13-40
activity#com.globalscout.GrillaClavesActivity
ADDED from src\main\AndroidManifest.xml:53:9-56:49
	android:label
		ADDED from src\main\AndroidManifest.xml:56:13-47
	android:theme
		ADDED from src\main\AndroidManifest.xml:55:13-51
	android:name
		ADDED from src\main\AndroidManifest.xml:54:13-49
activity#com.globalscout.GrillaTraduccionesActivity
ADDED from src\main\AndroidManifest.xml:57:9-60:55
	android:label
		ADDED from src\main\AndroidManifest.xml:60:13-53
	android:theme
		ADDED from src\main\AndroidManifest.xml:59:13-51
	android:name
		ADDED from src\main\AndroidManifest.xml:58:13-55